<?xml version="1.0" encoding="UTF-8"?>
<!-- Generated by org.testng.reporters.JUnitReportReporter -->
<testsuite skipped="0" hostname="ojt7-PC" name="DriverFactory.AppTest" tests="1" failures="0" timestamp="7 Jan 2020 12:41:43 GMT" time="55.524" errors="0">
  <testcase name="startTest" time="55.524" classname="DriverFactory.AppTest"/>
</testsuite> <!-- DriverFactory.AppTest -->
