<?xml version="1.0" encoding="UTF-8"?>
<!-- Generated by org.testng.reporters.JUnitReportReporter -->
<testsuite skipped="0" hostname="ojt7-PC" name="DriverFactory.DataDriven" tests="1" failures="0" timestamp="6 Jan 2020 11:39:00 GMT" time="189.204" errors="0">
  <testcase name="suplierCreation" time="189.204" classname="DriverFactory.DataDriven"/>
</testsuite> <!-- DriverFactory.DataDriven -->
