<?xml version="1.0" encoding="UTF-8"?>
<!-- Generated by org.testng.reporters.JUnitReportReporter -->
<testsuite hostname="ojt7-PC" name="DriverFactory.DriverScript" tests="1" failures="0" timestamp="10 Jan 2020 11:15:31 GMT" time="73.319" errors="0">
  <testcase name="ERP_Account" time="73.319" classname="DriverFactory.DriverScript"/>
</testsuite> <!-- DriverFactory.DriverScript -->
